<?xml version="1.0" encoding="UTF-8"?>
<!-- Generated by org.testng.reporters.JUnitReportReporter -->
<testsuite skipped="0" hostname="DESKTOP-78FCVLQ" name="Execution.Homeex" tests="1" failures="0" timestamp="15 Mar 2018 14:58:09 GMT" time="39.674" errors="0">
  <testcase name="Signin" time="39.674" classname="Execution.Homeex"/>
</testsuite> <!-- Execution.Homeex -->
