<?xml version="1.0" encoding="UTF-8"?>
<!-- Generated by org.testng.reporters.JUnitReportReporter -->
<testsuite skipped="0" hostname="DESKTOP-78FCVLQ" name="Execution.Addproblemex" tests="1" failures="0" timestamp="15 Mar 2018 14:34:18 GMT" time="124.443" errors="0">
  <testcase name="Signin" time="124.443" classname="Execution.Addproblemex"/>
</testsuite> <!-- Execution.Addproblemex -->
