<?xml version="1.0" encoding="UTF-8"?>
<!-- Generated by org.testng.reporters.JUnitReportReporter -->
<testsuite skipped="0" hostname="DESKTOP-78FCVLQ" name="Execution.Viewprofileex" tests="1" failures="0" timestamp="15 Mar 2018 14:24:43 GMT" time="78.564" errors="0">
  <testcase name="Signin" time="78.564" classname="Execution.Viewprofileex"/>
</testsuite> <!-- Execution.Viewprofileex -->
