<?xml version="1.0" encoding="UTF-8"?>
<!-- Generated by org.testng.reporters.JUnitReportReporter -->
<testsuite skipped="0" hostname="DESKTOP-78FCVLQ" name="Execution.Logoutex" tests="1" failures="0" timestamp="15 Mar 2018 14:58:09 GMT" time="44.724" errors="0">
  <testcase name="Signin" time="44.724" classname="Execution.Logoutex"/>
</testsuite> <!-- Execution.Logoutex -->
